<?xml version="1.0" encoding="UTF-8"?>
<!-- Generated by org.testng.reporters.JUnitReportReporter -->
<testsuite hostname="AGL49" name="testNG.ParameterizationExample" tests="1" failures="0" timestamp="29 Jun 2022 06:01:47 GMT" time="0.015" errors="0">
  <testcase name="printname" time="0.015" classname="testNG.ParameterizationExample"/>
</testsuite> <!-- testNG.ParameterizationExample -->
