<?xml version="1.0" encoding="UTF-8"?>
<!-- Generated by org.testng.reporters.JUnitReportReporter -->
<testsuite hostname="AGL49" name="testNG.ParallelExample" tests="2" failures="0" timestamp="29 Jun 2022 07:41:42 GMT" time="10.922" errors="0">
  <testcase name="openGoogle" time="6.886" classname="testNG.ParallelExample"/>
  <testcase name="openbing" time="4.036" classname="testNG.ParallelExample"/>
</testsuite> <!-- testNG.ParallelExample -->
