<?xml version="1.0" encoding="UTF-8"?>
<!-- Generated by org.testng.reporters.JUnitReportReporter -->
<testsuite hostname="AGL49" name="testNG.SuiteExample" tests="3" failures="0" timestamp="28 Jun 2022 10:50:35 GMT" time="5.525" errors="0">
  <testcase name="openGoogle" time="1.979" classname="testNG.SuiteExample"/>
  <testcase name="openYouTube" time="3.085" classname="testNG.SuiteExample"/>
  <testcase name="openBing" time="0.461" classname="testNG.SuiteExample"/>
</testsuite> <!-- testNG.SuiteExample -->
