<?xml version="1.0" encoding="UTF-8"?>
<!-- Generated by org.testng.reporters.JUnitReportReporter -->
<testsuite hostname="AGL49" name="testNG.DependanciesManagement" tests="3" failures="0" timestamp="28 Jun 2022 11:35:11 GMT" time="0.024" errors="0">
  <testcase name="engineering" time="0.006" classname="testNG.DependanciesManagement"/>
  <testcase name="highschool" time="0.017" classname="testNG.DependanciesManagement"/>
  <testcase name="highersecondary" time="0.001" classname="testNG.DependanciesManagement"/>
</testsuite> <!-- testNG.DependanciesManagement -->
