<?xml version="1.0" encoding="UTF-8"?>
<!-- Generated by org.testng.reporters.JUnitReportReporter -->
<testsuite hostname="AGL49" name="testNG.SimpleTestCaseWithPriority" tests="5" failures="0" timestamp="28 Jun 2022 11:35:11 GMT" time="0.011" errors="0">
  <testcase name="Fifthtestcase" time="0.004" classname="testNG.SimpleTestCaseWithPriority"/>
  <testcase name="Fourthtestcase" time="0.001" classname="testNG.SimpleTestCaseWithPriority"/>
  <testcase name="Thirdtestcase" time="0.002" classname="testNG.SimpleTestCaseWithPriority"/>
  <testcase name="Secondtestcase" time="0.002" classname="testNG.SimpleTestCaseWithPriority"/>
  <testcase name="Firsttestcase" time="0.002" classname="testNG.SimpleTestCaseWithPriority"/>
</testsuite> <!-- testNG.SimpleTestCaseWithPriority -->
