<?xml version="1.0" encoding="UTF-8"?>
<!-- Generated by org.testng.reporters.JUnitReportReporter -->
<testsuite hostname="AGL49" name="testNG.SkipATestcase" tests="4" failures="0" timestamp="28 Jun 2022 11:35:11 GMT" time="0.006" errors="0">
  <testcase name="Firsttestcase" time="0.001" classname="testNG.SkipATestcase"/>
  <testcase name="Secondtestcase" time="0.001" classname="testNG.SkipATestcase"/>
  <testcase name="Fourthtestcase" time="0.004" classname="testNG.SkipATestcase"/>
  <testcase name="Fifthtestcase" time="0.000" classname="testNG.SkipATestcase"/>
</testsuite> <!-- testNG.SkipATestcase -->
