<?xml version="1.0" encoding="UTF-8"?>
<!-- Generated by org.testng.reporters.JUnitReportReporter -->
<testsuite hostname="AGL49" name="testNG.AnnotationExample" tests="1" failures="0" timestamp="29 Jun 2022 10:44:09 GMT" time="0.005" errors="0">
  <testcase name="test" time="0.005" classname="testNG.AnnotationExample"/>
</testsuite> <!-- testNG.AnnotationExample -->
