<?xml version="1.0" encoding="UTF-8"?>
<!-- Generated by org.testng.reporters.JUnitReportReporter -->
<testsuite hostname="AGL49" name="testNG.SimpleTestCase" tests="5" failures="0" timestamp="28 Jun 2022 11:35:11 GMT" time="0.010" errors="0">
  <testcase name="Fourthtestcase" time="0.001" classname="testNG.SimpleTestCase"/>
  <testcase name="Firsttestcase" time="0.002" classname="testNG.SimpleTestCase"/>
  <testcase name="Secondtestcase" time="0.001" classname="testNG.SimpleTestCase"/>
  <testcase name="Fifthtestcase" time="0.002" classname="testNG.SimpleTestCase"/>
  <testcase name="Thirdtestcase" time="0.004" classname="testNG.SimpleTestCase"/>
</testsuite> <!-- testNG.SimpleTestCase -->
