<?xml version="1.0" encoding="UTF-8"?>
<!-- Generated by org.testng.reporters.JUnitReportReporter -->
<testsuite hostname="AGL49" name="testNG.GroupingExample" tests="4" failures="0" timestamp="29 Jun 2022 05:35:00 GMT" time="0.024" errors="0">
  <testcase name="samsung1" time="0.000" classname="testNG.GroupingExample"/>
  <testcase name="samsung2" time="0.000" classname="testNG.GroupingExample"/>
  <testcase name="apple1" time="0.016" classname="testNG.GroupingExample"/>
  <testcase name="apple2" time="0.008" classname="testNG.GroupingExample"/>
</testsuite> <!-- testNG.GroupingExample -->
